# JRE version: Java(TM) SE Runtime Environment (8.0_51-b16) (build 1.8.0_51-b16)
# Java VM: Java HotSpot(TM) 64-Bit Server VM (25.51-b03 mixed mode windows-amd64 compressed oops)
Heap:
 garbage-first heap   total 2097152K, used 1332682K [0x0000000640000000, 0x0000000642000200, 0x00000007c0000000)
  region size 32768K, 10 young (327680K), 2 survivors (65536K)
 Metaspace       used 110383K, capacity 112559K, committed 113100K, reserved 1148928K
  class space    used 13609K, capacity 14169K, committed 14284K, reserved 1048576K
GC Heap History (10 events):
Event: 49.762 GC heap before
{Heap before GC invocations=65 (full 0):
 garbage-first heap   total 2097152K, used 1551583K [0x0000000640000000, 0x0000000642000200, 0x00000007c0000000)
  region size 32768K, 19 young (622592K), 3 survivors (98304K)
 Metaspace       used 99064K, capacity 101041K, committed 101452K, reserved 1138688K
  class space    used 12268K, capacity 12812K, committed 12876K, reserved 1048576K
Event: 49.797 GC heap after
Heap after GC invocations=66 (full 0):
 garbage-first heap   total 2097152K, used 1032849K [0x0000000640000000, 0x0000000642000200, 0x00000007c0000000)
  region size 32768K, 3 young (98304K), 3 survivors (98304K)
 Metaspace       used 99064K, capacity 101041K, committed 101452K, reserved 1138688K
  class space    used 12268K, capacity 12812K, committed 12876K, reserved 1048576K
}
Event: 51.086 GC heap before
{Heap before GC invocations=67 (full 0):
 garbage-first heap   total 2097152K, used 1557137K [0x0000000640000000, 0x0000000642000200, 0x00000007c0000000)
  region size 32768K, 19 young (622592K), 3 survivors (98304K)
 Metaspace       used 103337K, capacity 105359K, committed 105932K, reserved 1142784K
  class space    used 12880K, capacity 13403K, committed 13516K, reserved 1048576K
Event: 51.118 GC heap after
Heap after GC invocations=68 (full 0):
 garbage-first heap   total 2097152K, used 1047956K [0x0000000640000000, 0x0000000642000200, 0x00000007c0000000)
  region size 32768K, 3 young (98304K), 3 survivors (98304K)
 Metaspace       used 103337K, capacity 105359K, committed 105932K, reserved 1142784K
  class space    used 12880K, capacity 13403K, committed 13516K, reserved 1048576K
}
Event: 51.822 GC heap before
{Heap before GC invocations=68 (full 0):
 garbage-first heap   total 2097152K, used 1342868K [0x0000000640000000, 0x0000000642000200, 0x00000007c0000000)
  region size 32768K, 12 young (393216K), 3 survivors (98304K)
 Metaspace       used 106000K, capacity 108183K, committed 108492K, reserved 1144832K
  class space    used 13158K, capacity 13719K, committed 13772K, reserved 1048576K
Event: 51.871 GC heap after
Heap after GC invocations=69 (full 0):
 garbage-first heap   total 2097152K, used 900154K [0x0000000640000000, 0x0000000642000200, 0x00000007c0000000)
  region size 32768K, 2 young (65536K), 2 survivors (65536K)
 Metaspace       used 106000K, capacity 108183K, committed 108492K, reserved 1144832K
  class space    used 13158K, capacity 13719K, committed 13772K, reserved 1048576K
}
Event: 52.547 GC heap before
{Heap before GC invocations=69 (full 0):
 garbage-first heap   total 2097152K, used 1227834K [0x0000000640000000, 0x0000000642000200, 0x00000007c0000000)
  region size 32768K, 12 young (393216K), 2 survivors (65536K)
 Metaspace       used 107993K, capacity 110209K, committed 110540K, reserved 1146880K
  class space    used 13361K, capacity 13942K, committed 14028K, reserved 1048576K
Event: 52.605 GC heap after
Heap after GC invocations=70 (full 0):
 garbage-first heap   total 2097152K, used 927767K [0x0000000640000000, 0x0000000642000200, 0x00000007c0000000)
  region size 32768K, 2 young (65536K), 2 survivors (65536K)
 Metaspace       used 107993K, capacity 110209K, committed 110540K, reserved 1146880K
  class space    used 13361K, capacity 13942K, committed 14028K, reserved 1048576K
}
Event: 53.069 GC heap before
{Heap before GC invocations=70 (full 0):
 garbage-first heap   total 2097152K, used 1255447K [0x0000000640000000, 0x0000000642000200, 0x00000007c0000000)
  region size 32768K, 12 young (393216K), 2 survivors (65536K)
 Metaspace       used 109184K, capacity 111439K, committed 111948K, reserved 1146880K
  class space    used 13491K, capacity 14073K, committed 14156K, reserved 1048576K
Event: 53.127 GC heap after
Heap after GC invocations=71 (full 0):
 garbage-first heap   total 2097152K, used 1103306K [0x0000000640000000, 0x0000000642000200, 0x00000007c0000000)
  region size 32768K, 2 young (65536K), 2 survivors (65536K)
 Metaspace       used 109184K, capacity 111439K, committed 111948K, reserved 1146880K
  class space    used 13491K, capacity 14073K, committed 14156K, reserved 1048576K
}

