# JRE version: Java(TM) SE Runtime Environment (8.0_51-b16) (build 1.8.0_51-b16)
# Java VM: Java HotSpot(TM) 64-Bit Server VM (25.51-b03 mixed mode windows-amd64 compressed oops)
Heap:
 garbage-first heap   total 2097152K, used 1310715K [0x0000000640000000, 0x0000000642000200, 0x00000007c0000000)
  region size 32768K, 3 young (98304K), 1 survivors (32768K)
 Metaspace       used 145664K, capacity 162273K, committed 162508K, reserved 1185792K
  class space    used 18088K, capacity 26312K, committed 26316K, reserved 1048576K
GC Heap History (10 events):
Event: 76.091 GC heap before
{Heap before GC invocations=83 (full 0):
 garbage-first heap   total 2097152K, used 1594816K [0x0000000640000000, 0x0000000642000200, 0x00000007c0000000)
  region size 32768K, 13 young (425984K), 2 survivors (65536K)
 Metaspace       used 134074K, capacity 142421K, committed 142668K, reserved 1171456K
  class space    used 16641K, capacity 20214K, committed 20300K, reserved 1048576K
Event: 76.109 GC heap after
Heap after GC invocations=84 (full 0):
 garbage-first heap   total 2097152K, used 1251499K [0x0000000640000000, 0x0000000642000200, 0x00000007c0000000)
  region size 32768K, 1 young (32768K), 1 survivors (32768K)
 Metaspace       used 134074K, capacity 142421K, committed 142668K, reserved 1171456K
  class space    used 16641K, capacity 20214K, committed 20300K, reserved 1048576K
}
Event: 76.806 GC heap before
{Heap before GC invocations=84 (full 0):
 garbage-first heap   total 2097152K, used 1611947K [0x0000000640000000, 0x0000000642000200, 0x00000007c0000000)
  region size 32768K, 12 young (393216K), 1 survivors (32768K)
 Metaspace       used 136705K, capacity 145461K, committed 145612K, reserved 1173504K
  class space    used 16856K, capacity 20677K, committed 20684K, reserved 1048576K
Event: 76.850 GC heap after
Heap after GC invocations=85 (full 0):
 garbage-first heap   total 2097152K, used 1170650K [0x0000000640000000, 0x0000000642000200, 0x00000007c0000000)
  region size 32768K, 2 young (65536K), 2 survivors (65536K)
 Metaspace       used 136705K, capacity 145461K, committed 145612K, reserved 1173504K
  class space    used 16856K, capacity 20677K, committed 20684K, reserved 1048576K
}
Event: 77.938 GC heap before
{Heap before GC invocations=85 (full 0):
 garbage-first heap   total 2097152K, used 1567962K [0x0000000640000000, 0x0000000642000200, 0x00000007c0000000)
  region size 32768K, 12 young (393216K), 2 survivors (65536K)
 Metaspace       used 139935K, capacity 150325K, committed 150476K, reserved 1177600K
  class space    used 17297K, capacity 21913K, committed 21964K, reserved 1048576K
Event: 77.984 GC heap after
Heap after GC invocations=86 (full 0):
 garbage-first heap   total 2097152K, used 1304598K [0x0000000640000000, 0x0000000642000200, 0x00000007c0000000)
  region size 32768K, 2 young (65536K), 2 survivors (65536K)
 Metaspace       used 139935K, capacity 150325K, committed 150476K, reserved 1177600K
  class space    used 17297K, capacity 21913K, committed 21964K, reserved 1048576K
}
Event: 79.690 GC heap before
{Heap before GC invocations=86 (full 0):
 garbage-first heap   total 2097152K, used 1841174K [0x0000000640000000, 0x0000000642000200, 0x00000007c0000000)
  region size 32768K, 12 young (393216K), 2 survivors (65536K)
 Metaspace       used 142981K, capacity 157345K, committed 157516K, reserved 1181696K
  class space    used 17712K, capacity 24645K, committed 24652K, reserved 1048576K
Event: 79.728 GC heap after
Heap after GC invocations=87 (full 0):
 garbage-first heap   total 2097152K, used 1287900K [0x0000000640000000, 0x0000000642000200, 0x00000007c0000000)
  region size 32768K, 1 young (32768K), 1 survivors (32768K)
 Metaspace       used 142981K, capacity 157345K, committed 157516K, reserved 1181696K
  class space    used 17712K, capacity 24645K, committed 24652K, reserved 1048576K
}
Event: 80.778 GC heap before
{Heap before GC invocations=87 (full 0):
 garbage-first heap   total 2097152K, used 1713884K [0x0000000640000000, 0x0000000642000200, 0x00000007c0000000)
  region size 32768K, 12 young (393216K), 1 survivors (32768K)
 Metaspace       used 145392K, capacity 161957K, committed 162252K, reserved 1185792K
  class space    used 18062K, capacity 26212K, committed 26316K, reserved 1048576K
Event: 80.825 GC heap after
Heap after GC invocations=88 (full 0):
 garbage-first heap   total 2097152K, used 1277947K [0x0000000640000000, 0x0000000642000200, 0x00000007c0000000)
  region size 32768K, 1 young (32768K), 1 survivors (32768K)
 Metaspace       used 145392K, capacity 161957K, committed 162252K, reserved 1185792K
  class space    used 18062K, capacity 26212K, committed 26316K, reserved 1048576K
}

