# JRE version: Java(TM) SE Runtime Environment (8.0_51-b16) (build 1.8.0_51-b16)
# Java VM: Java HotSpot(TM) 64-Bit Server VM (25.51-b03 mixed mode windows-amd64 compressed oops)
Heap:
 garbage-first heap   total 2457600K, used 2087801K [0x0000000540000000, 0x0000000542000258, 0x00000007c0000000)
  region size 32768K, 12 young (393216K), 2 survivors (65536K)
 Metaspace       used 160609K, capacity 190173K, committed 190480K, reserved 1210368K
  class space    used 19894K, capacity 30450K, committed 30540K, reserved 1048576K
GC Heap History (10 events):
Event: 82.764 GC heap before
{Heap before GC invocations=82 (full 0):
 garbage-first heap   total 2097152K, used 1833999K [0x0000000540000000, 0x0000000542000200, 0x00000007c0000000)
  region size 32768K, 12 young (393216K), 2 survivors (65536K)
 Metaspace       used 146232K, capacity 165935K, committed 166160K, reserved 1191936K
  class space    used 17991K, capacity 23088K, committed 23116K, reserved 1048576K
Event: 82.822 GC heap after
Heap after GC invocations=83 (full 0):
 garbage-first heap   total 2097152K, used 1496789K [0x0000000540000000, 0x0000000542000200, 0x00000007c0000000)
  region size 32768K, 2 young (65536K), 2 survivors (65536K)
 Metaspace       used 146232K, capacity 165935K, committed 166160K, reserved 1191936K
  class space    used 17991K, capacity 23088K, committed 23116K, reserved 1048576K
}
Event: 83.940 GC heap before
{Heap before GC invocations=83 (full 0):
 garbage-first heap   total 2097152K, used 1824469K [0x0000000540000000, 0x0000000542000200, 0x00000007c0000000)
  region size 32768K, 12 young (393216K), 2 survivors (65536K)
 Metaspace       used 148926K, capacity 169291K, committed 169488K, reserved 1196032K
  class space    used 18299K, capacity 23810K, committed 23884K, reserved 1048576K
Event: 83.976 GC heap after
Heap after GC invocations=84 (full 0):
 garbage-first heap   total 2129920K, used 1614237K [0x0000000540000000, 0x0000000542000208, 0x00000007c0000000)
  region size 32768K, 2 young (65536K), 2 survivors (65536K)
 Metaspace       used 148926K, capacity 169291K, committed 169488K, reserved 1196032K
  class space    used 18299K, capacity 23810K, committed 23884K, reserved 1048576K
}
Event: 85.349 GC heap before
{Heap before GC invocations=84 (full 0):
 garbage-first heap   total 2129920K, used 1974685K [0x0000000540000000, 0x0000000542000208, 0x00000007c0000000)
  region size 32768K, 13 young (425984K), 2 survivors (65536K)
 Metaspace       used 152307K, capacity 174067K, committed 174352K, reserved 1198080K
  class space    used 18671K, capacity 24850K, committed 24908K, reserved 1048576K
Event: 85.386 GC heap after
Heap after GC invocations=85 (full 0):
 garbage-first heap   total 2162688K, used 1624732K [0x0000000540000000, 0x0000000542000210, 0x00000007c0000000)
  region size 32768K, 2 young (65536K), 2 survivors (65536K)
 Metaspace       used 152307K, capacity 174067K, committed 174352K, reserved 1198080K
  class space    used 18671K, capacity 24850K, committed 24908K, reserved 1048576K
}
Event: 86.364 GC heap before
{Heap before GC invocations=85 (full 0):
 garbage-first heap   total 2162688K, used 1886876K [0x0000000540000000, 0x0000000542000210, 0x00000007c0000000)
  region size 32768K, 11 young (360448K), 2 survivors (65536K)
 Metaspace       used 155040K, capacity 178175K, committed 178320K, reserved 1202176K
  class space    used 19111K, capacity 25971K, committed 26060K, reserved 1048576K
Event: 86.395 GC heap after
Heap after GC invocations=86 (full 0):
 garbage-first heap   total 2162688K, used 1645102K [0x0000000540000000, 0x0000000542000210, 0x00000007c0000000)
  region size 32768K, 2 young (65536K), 2 survivors (65536K)
 Metaspace       used 155040K, capacity 178175K, committed 178320K, reserved 1202176K
  class space    used 19111K, capacity 25971K, committed 26060K, reserved 1048576K
}
Event: 89.116 GC heap before
{Heap before GC invocations=87 (full 0):
 garbage-first heap   total 2392064K, used 2275886K [0x0000000540000000, 0x0000000542000248, 0x00000007c0000000)
  region size 32768K, 13 young (425984K), 2 survivors (65536K)
 Metaspace       used 158527K, capacity 186195K, committed 186384K, reserved 1206272K
  class space    used 19585K, capacity 28952K, committed 29004K, reserved 1048576K
Event: 89.138 GC heap after
Heap after GC invocations=88 (full 0):
 garbage-first heap   total 2457600K, used 1743737K [0x0000000540000000, 0x0000000542000258, 0x00000007c0000000)
  region size 32768K, 2 young (65536K), 2 survivors (65536K)
 Metaspace       used 158527K, capacity 186195K, committed 186384K, reserved 1206272K
  class space    used 19585K, capacity 28952K, committed 29004K, reserved 1048576K
}

